2022-10-24 22:39:37 0 [Note] InnoDB: Mutexes and rw_locks use Windows interlocked functions
2022-10-24 22:39:37 0 [Note] InnoDB: Uses event mutexes
2022-10-24 22:39:37 0 [Note] InnoDB: Compressed tables use zlib 1.2.11
2022-10-24 22:39:37 0 [Note] InnoDB: Number of pools: 1
2022-10-24 22:39:37 0 [Note] InnoDB: Using SSE2 crc32 instructions
2022-10-24 22:39:37 0 [Note] InnoDB: Initializing buffer pool, total size = 16M, instances = 1, chunk size = 16M
2022-10-24 22:39:37 0 [Note] InnoDB: Completed initialization of buffer pool
2022-10-24 22:39:37 0 [Note] InnoDB: Starting crash recovery from checkpoint LSN=300288
2022-10-24 22:39:37 0 [Note] InnoDB: 128 out of 128 rollback segments are active.
2022-10-24 22:39:37 0 [Note] InnoDB: Removed temporary tablespace data file: "ibtmp1"
2022-10-24 22:39:37 0 [Note] InnoDB: Creating shared tablespace for temporary tables
2022-10-24 22:39:37 0 [Note] InnoDB: Setting file 'C:\xampp\mysql\data\ibtmp1' size to 12 MB. Physically writing the file full; Please wait ...
2022-10-24 22:39:37 0 [Note] InnoDB: File 'C:\xampp\mysql\data\ibtmp1' size is now 12 MB.
2022-10-24 22:39:37 0 [Note] InnoDB: Waiting for purge to start
2022-10-24 22:39:37 0 [Note] InnoDB: 10.4.25 started; log sequence number 300297; transaction id 170
2022-10-24 22:39:37 0 [Note] InnoDB: Loading buffer pool(s) from C:\xampp\mysql\data\ib_buffer_pool
2022-10-24 22:39:37 0 [Note] Plugin 'FEEDBACK' is disabled.
2022-10-24 22:39:37 0 [Note] Server socket created on IP: '::'.
2022-10-25 20:36:21 0 [Note] InnoDB: Mutexes and rw_locks use Windows interlocked functions
2022-10-25 20:36:21 0 [Note] InnoDB: Uses event mutexes
2022-10-25 20:36:21 0 [Note] InnoDB: Compressed tables use zlib 1.2.11
2022-10-25 20:36:21 0 [Note] InnoDB: Number of pools: 1
2022-10-25 20:36:21 0 [Note] InnoDB: Using SSE2 crc32 instructions
2022-10-25 20:36:21 0 [Note] InnoDB: Initializing buffer pool, total size = 16M, instances = 1, chunk size = 16M
2022-10-25 20:36:21 0 [Note] InnoDB: Completed initialization of buffer pool
2022-10-25 20:36:21 0 [Note] InnoDB: Starting crash recovery from checkpoint LSN=574338
2022-10-25 20:36:21 0 [Note] InnoDB: 128 out of 128 rollback segments are active.
2022-10-25 20:36:21 0 [Note] InnoDB: Removed temporary tablespace data file: "ibtmp1"
2022-10-25 20:36:21 0 [Note] InnoDB: Creating shared tablespace for temporary tables
2022-10-25 20:36:21 0 [Note] InnoDB: Setting file 'C:\xampp\mysql\data\ibtmp1' size to 12 MB. Physically writing the file full; Please wait ...
2022-10-25 20:36:21 0 [Note] InnoDB: File 'C:\xampp\mysql\data\ibtmp1' size is now 12 MB.
2022-10-25 20:36:21 0 [Note] InnoDB: Waiting for purge to start
2022-10-25 20:36:21 0 [Note] InnoDB: 10.4.25 started; log sequence number 574347; transaction id 387
2022-10-25 20:36:21 0 [Note] InnoDB: Loading buffer pool(s) from C:\xampp\mysql\data\ib_buffer_pool
2022-10-25 20:36:21 0 [Note] Plugin 'FEEDBACK' is disabled.
2022-10-25 20:36:21 0 [Note] Server socket created on IP: '::'.
2022-10-25 20:39:37 0 [Note] InnoDB: Mutexes and rw_locks use Windows interlocked functions
2022-10-25 20:39:37 0 [Note] InnoDB: Uses event mutexes
2022-10-25 20:39:37 0 [Note] InnoDB: Compressed tables use zlib 1.2.11
2022-10-25 20:39:37 0 [Note] InnoDB: Number of pools: 1
2022-10-25 20:39:37 0 [Note] InnoDB: Using SSE2 crc32 instructions
2022-10-25 20:39:37 0 [Note] InnoDB: Initializing buffer pool, total size = 16M, instances = 1, chunk size = 16M
2022-10-25 20:39:37 0 [Note] InnoDB: Completed initialization of buffer pool
2022-10-25 20:39:37 0 [Note] InnoDB: Starting crash recovery from checkpoint LSN=574356
2022-10-25 20:39:37 0 [Note] InnoDB: 128 out of 128 rollback segments are active.
2022-10-25 20:39:37 0 [Note] InnoDB: Removed temporary tablespace data file: "ibtmp1"
2022-10-25 20:39:37 0 [Note] InnoDB: Creating shared tablespace for temporary tables
2022-10-25 20:39:37 0 [Note] InnoDB: Setting file 'C:\xampp\mysql\data\ibtmp1' size to 12 MB. Physically writing the file full; Please wait ...
2022-10-25 20:39:37 0 [Note] InnoDB: File 'C:\xampp\mysql\data\ibtmp1' size is now 12 MB.
2022-10-25 20:39:37 0 [Note] InnoDB: Waiting for purge to start
2022-10-25 20:39:37 0 [Note] InnoDB: 10.4.25 started; log sequence number 574365; transaction id 387
2022-10-25 20:39:37 0 [Note] InnoDB: Loading buffer pool(s) from C:\xampp\mysql\data\ib_buffer_pool
2022-10-25 20:39:37 0 [Note] Plugin 'FEEDBACK' is disabled.
2022-10-25 20:39:37 0 [Note] Server socket created on IP: '::'.
2022-10-25 20:44:06 0 [Note] InnoDB: Mutexes and rw_locks use Windows interlocked functions
2022-10-25 20:44:06 0 [Note] InnoDB: Uses event mutexes
2022-10-25 20:44:06 0 [Note] InnoDB: Compressed tables use zlib 1.2.11
2022-10-25 20:44:06 0 [Note] InnoDB: Number of pools: 1
2022-10-25 20:44:06 0 [Note] InnoDB: Using SSE2 crc32 instructions
2022-10-25 20:44:06 0 [Note] InnoDB: Initializing buffer pool, total size = 16M, instances = 1, chunk size = 16M
2022-10-25 20:44:06 0 [Note] InnoDB: Completed initialization of buffer pool
2022-10-25 20:44:06 0 [Note] InnoDB: Starting crash recovery from checkpoint LSN=574374
2022-10-25 20:44:06 0 [Note] InnoDB: 128 out of 128 rollback segments are active.
2022-10-25 20:44:06 0 [Note] InnoDB: Removed temporary tablespace data file: "ibtmp1"
2022-10-25 20:44:06 0 [Note] InnoDB: Creating shared tablespace for temporary tables
2022-10-25 20:44:06 0 [Note] InnoDB: Setting file 'C:\xampp\mysql\data\ibtmp1' size to 12 MB. Physically writing the file full; Please wait ...
2022-10-25 20:44:06 0 [Note] InnoDB: File 'C:\xampp\mysql\data\ibtmp1' size is now 12 MB.
2022-10-25 20:44:06 0 [Note] InnoDB: Waiting for purge to start
2022-10-25 20:44:06 0 [Note] InnoDB: 10.4.25 started; log sequence number 574383; transaction id 387
2022-10-25 20:44:06 0 [Note] InnoDB: Loading buffer pool(s) from C:\xampp\mysql\data\ib_buffer_pool
2022-10-25 20:44:06 0 [Note] Plugin 'FEEDBACK' is disabled.
2022-10-25 20:44:06 0 [Note] Server socket created on IP: '::'.
2022-10-25 21:00:44 0 [Note] InnoDB: Mutexes and rw_locks use Windows interlocked functions
2022-10-25 21:00:44 0 [Note] InnoDB: Uses event mutexes
2022-10-25 21:00:44 0 [Note] InnoDB: Compressed tables use zlib 1.2.11
2022-10-25 21:00:44 0 [Note] InnoDB: Number of pools: 1
2022-10-25 21:00:44 0 [Note] InnoDB: Using SSE2 crc32 instructions
2022-10-25 21:00:44 0 [Note] InnoDB: Initializing buffer pool, total size = 16M, instances = 1, chunk size = 16M
2022-10-25 21:00:44 0 [Note] InnoDB: Completed initialization of buffer pool
2022-10-25 21:00:44 0 [Note] InnoDB: Starting crash recovery from checkpoint LSN=574392
2022-10-25 21:00:44 0 [Note] InnoDB: 128 out of 128 rollback segments are active.
2022-10-25 21:00:44 0 [Note] InnoDB: Removed temporary tablespace data file: "ibtmp1"
2022-10-25 21:00:44 0 [Note] InnoDB: Creating shared tablespace for temporary tables
2022-10-25 21:00:44 0 [Note] InnoDB: Setting file 'C:\xampp\mysql\data\ibtmp1' size to 12 MB. Physically writing the file full; Please wait ...
2022-10-25 21:00:44 0 [Note] InnoDB: File 'C:\xampp\mysql\data\ibtmp1' size is now 12 MB.
2022-10-25 21:00:44 0 [Note] InnoDB: Waiting for purge to start
2022-10-25 21:00:44 0 [Note] InnoDB: 10.4.25 started; log sequence number 574401; transaction id 387
2022-10-25 21:00:44 0 [Note] Plugin 'FEEDBACK' is disabled.
2022-10-25 21:00:44 0 [Note] InnoDB: Loading buffer pool(s) from C:\xampp\mysql\data\ib_buffer_pool
2022-10-25 21:00:44 0 [Note] Server socket created on IP: '::'.
2022-10-25 21:04:59 0 [Note] InnoDB: Mutexes and rw_locks use Windows interlocked functions
2022-10-25 21:04:59 0 [Note] InnoDB: Uses event mutexes
2022-10-25 21:04:59 0 [Note] InnoDB: Compressed tables use zlib 1.2.11
2022-10-25 21:04:59 0 [Note] InnoDB: Number of pools: 1
2022-10-25 21:04:59 0 [Note] InnoDB: Using SSE2 crc32 instructions
2022-10-25 21:04:59 0 [Note] InnoDB: Initializing buffer pool, total size = 16M, instances = 1, chunk size = 16M
2022-10-25 21:04:59 0 [Note] InnoDB: Completed initialization of buffer pool
2022-10-25 21:04:59 0 [Note] InnoDB: Starting crash recovery from checkpoint LSN=574410
2022-10-25 21:04:59 0 [Note] InnoDB: 128 out of 128 rollback segments are active.
2022-10-25 21:04:59 0 [Note] InnoDB: Removed temporary tablespace data file: "ibtmp1"
2022-10-25 21:04:59 0 [Note] InnoDB: Creating shared tablespace for temporary tables
2022-10-25 21:04:59 0 [Note] InnoDB: Setting file 'C:\xampp\mysql\data\ibtmp1' size to 12 MB. Physically writing the file full; Please wait ...
2022-10-25 21:04:59 0 [Note] InnoDB: File 'C:\xampp\mysql\data\ibtmp1' size is now 12 MB.
2022-10-25 21:04:59 0 [Note] InnoDB: Waiting for purge to start
2022-10-25 21:04:59 0 [Note] InnoDB: 10.4.25 started; log sequence number 574419; transaction id 387
2022-10-25 21:04:59 0 [Note] InnoDB: Loading buffer pool(s) from C:\xampp\mysql\data\ib_buffer_pool
2022-10-25 21:04:59 0 [Note] Plugin 'FEEDBACK' is disabled.
2022-10-25 21:04:59 0 [Note] Server socket created on IP: '::'.
2022-10-25 21:05:38 0 [Note] InnoDB: Mutexes and rw_locks use Windows interlocked functions
2022-10-25 21:05:38 0 [Note] InnoDB: Uses event mutexes
2022-10-25 21:05:38 0 [Note] InnoDB: Compressed tables use zlib 1.2.11
2022-10-25 21:05:38 0 [Note] InnoDB: Number of pools: 1
2022-10-25 21:05:38 0 [Note] InnoDB: Using SSE2 crc32 instructions
2022-10-25 21:05:38 0 [Note] InnoDB: Initializing buffer pool, total size = 16M, instances = 1, chunk size = 16M
2022-10-25 21:05:38 0 [Note] InnoDB: Completed initialization of buffer pool
2022-10-25 21:05:38 0 [Note] InnoDB: Starting crash recovery from checkpoint LSN=574428
2022-10-25 21:05:38 0 [Note] InnoDB: 128 out of 128 rollback segments are active.
2022-10-25 21:05:38 0 [Note] InnoDB: Removed temporary tablespace data file: "ibtmp1"
2022-10-25 21:05:38 0 [Note] InnoDB: Creating shared tablespace for temporary tables
2022-10-25 21:05:38 0 [Note] InnoDB: Setting file 'C:\xampp\mysql\data\ibtmp1' size to 12 MB. Physically writing the file full; Please wait ...
2022-10-25 21:05:38 0 [Note] InnoDB: File 'C:\xampp\mysql\data\ibtmp1' size is now 12 MB.
2022-10-25 21:05:38 0 [Note] InnoDB: Waiting for purge to start
2022-10-25 21:05:38 0 [Note] InnoDB: 10.4.25 started; log sequence number 574437; transaction id 387
2022-10-25 21:05:38 0 [Note] InnoDB: Loading buffer pool(s) from C:\xampp\mysql\data\ib_buffer_pool
2022-10-25 21:05:38 0 [Note] Plugin 'FEEDBACK' is disabled.
2022-10-25 21:05:38 0 [Note] Server socket created on IP: '::'.
2022-10-25 21:25:48 0 [Note] InnoDB: Mutexes and rw_locks use Windows interlocked functions
2022-10-25 21:25:48 0 [Note] InnoDB: Uses event mutexes
2022-10-25 21:25:48 0 [Note] InnoDB: Compressed tables use zlib 1.2.11
2022-10-25 21:25:48 0 [Note] InnoDB: Number of pools: 1
2022-10-25 21:25:48 0 [Note] InnoDB: Using SSE2 crc32 instructions
2022-10-25 21:25:48 0 [Note] InnoDB: Initializing buffer pool, total size = 16M, instances = 1, chunk size = 16M
2022-10-25 21:25:48 0 [Note] InnoDB: Completed initialization of buffer pool
2022-10-25 21:25:49 0 [Note] InnoDB: Starting crash recovery from checkpoint LSN=574446
2022-10-25 21:25:49 0 [Note] InnoDB: 128 out of 128 rollback segments are active.
2022-10-25 21:25:49 0 [Note] InnoDB: Removed temporary tablespace data file: "ibtmp1"
2022-10-25 21:25:49 0 [Note] InnoDB: Creating shared tablespace for temporary tables
2022-10-25 21:25:49 0 [Note] InnoDB: Setting file 'C:\xampp\mysql\data\ibtmp1' size to 12 MB. Physically writing the file full; Please wait ...
2022-10-25 21:25:49 0 [Note] InnoDB: File 'C:\xampp\mysql\data\ibtmp1' size is now 12 MB.
2022-10-25 21:25:49 0 [Note] InnoDB: Waiting for purge to start
2022-10-25 21:25:49 0 [Note] InnoDB: 10.4.25 started; log sequence number 574455; transaction id 387
2022-10-25 21:25:49 0 [Note] InnoDB: Loading buffer pool(s) from C:\xampp\mysql\data\ib_buffer_pool
2022-10-25 21:25:49 0 [Note] Plugin 'FEEDBACK' is disabled.
2022-10-25 21:25:49 0 [Note] Server socket created on IP: '::'.
2022-10-26 18:58:51 0 [Note] InnoDB: Mutexes and rw_locks use Windows interlocked functions
2022-10-26 18:58:51 0 [Note] InnoDB: Uses event mutexes
2022-10-26 18:58:51 0 [Note] InnoDB: Compressed tables use zlib 1.2.11
2022-10-26 18:58:51 0 [Note] InnoDB: Number of pools: 1
2022-10-26 18:58:51 0 [Note] InnoDB: Using SSE2 crc32 instructions
2022-10-26 18:58:51 0 [Note] InnoDB: Initializing buffer pool, total size = 16M, instances = 1, chunk size = 16M
2022-10-26 18:58:51 0 [Note] InnoDB: Completed initialization of buffer pool
2022-10-26 18:58:51 0 [Note] InnoDB: Starting crash recovery from checkpoint LSN=577978
2022-10-26 18:58:52 0 [Note] InnoDB: 128 out of 128 rollback segments are active.
2022-10-26 18:58:52 0 [Note] InnoDB: Removed temporary tablespace data file: "ibtmp1"
2022-10-26 18:58:52 0 [Note] InnoDB: Creating shared tablespace for temporary tables
2022-10-26 18:58:52 0 [Note] InnoDB: Setting file 'C:\xampp\mysql\data\ibtmp1' size to 12 MB. Physically writing the file full; Please wait ...
2022-10-26 18:58:52 0 [Note] InnoDB: File 'C:\xampp\mysql\data\ibtmp1' size is now 12 MB.
2022-10-26 18:58:52 0 [Note] InnoDB: Waiting for purge to start
2022-10-26 18:58:52 0 [Note] InnoDB: 10.4.25 started; log sequence number 577987; transaction id 401
2022-10-26 18:58:52 0 [Note] InnoDB: Loading buffer pool(s) from C:\xampp\mysql\data\ib_buffer_pool
2022-10-26 18:58:52 0 [Note] Plugin 'FEEDBACK' is disabled.
2022-10-26 18:58:52 0 [Note] Server socket created on IP: '::'.
2022-10-27 19:53:34 0 [Note] InnoDB: Mutexes and rw_locks use Windows interlocked functions
2022-10-27 19:53:34 0 [Note] InnoDB: Uses event mutexes
2022-10-27 19:53:34 0 [Note] InnoDB: Compressed tables use zlib 1.2.11
2022-10-27 19:53:34 0 [Note] InnoDB: Number of pools: 1
2022-10-27 19:53:34 0 [Note] InnoDB: Using SSE2 crc32 instructions
2022-10-27 19:53:34 0 [Note] InnoDB: Initializing buffer pool, total size = 16M, instances = 1, chunk size = 16M
2022-10-27 19:53:34 0 [Note] InnoDB: Completed initialization of buffer pool
2022-10-27 19:53:34 0 [Note] InnoDB: Starting crash recovery from checkpoint LSN=580319
2022-10-27 19:53:34 0 [Note] InnoDB: 128 out of 128 rollback segments are active.
2022-10-27 19:53:34 0 [Note] InnoDB: Removed temporary tablespace data file: "ibtmp1"
2022-10-27 19:53:34 0 [Note] InnoDB: Creating shared tablespace for temporary tables
2022-10-27 19:53:34 0 [Note] InnoDB: Setting file 'C:\xampp\mysql\data\ibtmp1' size to 12 MB. Physically writing the file full; Please wait ...
2022-10-27 19:53:34 0 [Note] InnoDB: File 'C:\xampp\mysql\data\ibtmp1' size is now 12 MB.
2022-10-27 19:53:34 0 [Note] InnoDB: Waiting for purge to start
2022-10-27 19:53:34 0 [Note] InnoDB: 10.4.25 started; log sequence number 580328; transaction id 415
2022-10-27 19:53:34 0 [Note] InnoDB: Loading buffer pool(s) from C:\xampp\mysql\data\ib_buffer_pool
2022-10-27 19:53:34 0 [Note] Plugin 'FEEDBACK' is disabled.
2022-10-27 19:53:34 0 [Note] Server socket created on IP: '::'.
2022-10-27 23:00:59 0 [Note] InnoDB: Mutexes and rw_locks use Windows interlocked functions
2022-10-27 23:00:59 0 [Note] InnoDB: Uses event mutexes
2022-10-27 23:00:59 0 [Note] InnoDB: Compressed tables use zlib 1.2.11
2022-10-27 23:00:59 0 [Note] InnoDB: Number of pools: 1
2022-10-27 23:00:59 0 [Note] InnoDB: Using SSE2 crc32 instructions
2022-10-27 23:00:59 0 [Note] InnoDB: Initializing buffer pool, total size = 16M, instances = 1, chunk size = 16M
2022-10-27 23:00:59 0 [Note] InnoDB: Completed initialization of buffer pool
2022-10-27 23:00:59 0 [Note] InnoDB: Starting crash recovery from checkpoint LSN=666479
2022-10-27 23:01:00 0 [Note] InnoDB: 128 out of 128 rollback segments are active.
2022-10-27 23:01:00 0 [Note] InnoDB: Removed temporary tablespace data file: "ibtmp1"
2022-10-27 23:01:00 0 [Note] InnoDB: Creating shared tablespace for temporary tables
2022-10-27 23:01:00 0 [Note] InnoDB: Setting file 'C:\xampp\mysql\data\ibtmp1' size to 12 MB. Physically writing the file full; Please wait ...
2022-10-27 23:01:00 0 [Note] InnoDB: File 'C:\xampp\mysql\data\ibtmp1' size is now 12 MB.
2022-10-27 23:01:00 0 [Note] InnoDB: Waiting for purge to start
2022-10-27 23:01:00 0 [Note] InnoDB: 10.4.25 started; log sequence number 666488; transaction id 575
2022-10-27 23:01:00 0 [Note] InnoDB: Loading buffer pool(s) from C:\xampp\mysql\data\ib_buffer_pool
2022-10-27 23:01:00 0 [Note] Plugin 'FEEDBACK' is disabled.
2022-10-27 23:01:00 0 [Note] Server socket created on IP: '::'.
2022-10-28 22:58:33 0 [Note] InnoDB: Mutexes and rw_locks use Windows interlocked functions
2022-10-28 22:58:33 0 [Note] InnoDB: Uses event mutexes
2022-10-28 22:58:33 0 [Note] InnoDB: Compressed tables use zlib 1.2.11
2022-10-28 22:58:33 0 [Note] InnoDB: Number of pools: 1
2022-10-28 22:58:33 0 [Note] InnoDB: Using SSE2 crc32 instructions
2022-10-28 22:58:33 0 [Note] InnoDB: Initializing buffer pool, total size = 16M, instances = 1, chunk size = 16M
2022-10-28 22:58:33 0 [Note] InnoDB: Completed initialization of buffer pool
2022-10-28 22:58:33 0 [Note] InnoDB: Starting crash recovery from checkpoint LSN=698762
2022-10-28 22:58:33 0 [Note] InnoDB: 128 out of 128 rollback segments are active.
2022-10-28 22:58:33 0 [Note] InnoDB: Removed temporary tablespace data file: "ibtmp1"
2022-10-28 22:58:33 0 [Note] InnoDB: Creating shared tablespace for temporary tables
2022-10-28 22:58:33 0 [Note] InnoDB: Setting file 'C:\xampp\mysql\data\ibtmp1' size to 12 MB. Physically writing the file full; Please wait ...
2022-10-28 22:58:33 0 [Note] InnoDB: File 'C:\xampp\mysql\data\ibtmp1' size is now 12 MB.
2022-10-28 22:58:33 0 [Note] InnoDB: Waiting for purge to start
2022-10-28 22:58:34 0 [Note] InnoDB: 10.4.25 started; log sequence number 698771; transaction id 625
2022-10-28 22:58:34 0 [Note] Plugin 'FEEDBACK' is disabled.
2022-10-28 22:58:34 0 [Note] InnoDB: Loading buffer pool(s) from C:\xampp\mysql\data\ib_buffer_pool
2022-10-28 22:58:34 0 [Note] Server socket created on IP: '::'.
2022-10-31 19:53:41 0 [Note] InnoDB: Mutexes and rw_locks use Windows interlocked functions
2022-10-31 19:53:41 0 [Note] InnoDB: Uses event mutexes
2022-10-31 19:53:41 0 [Note] InnoDB: Compressed tables use zlib 1.2.11
2022-10-31 19:53:41 0 [Note] InnoDB: Number of pools: 1
2022-10-31 19:53:41 0 [Note] InnoDB: Using SSE2 crc32 instructions
2022-10-31 19:53:41 0 [Note] InnoDB: Initializing buffer pool, total size = 16M, instances = 1, chunk size = 16M
2022-10-31 19:53:41 0 [Note] InnoDB: Completed initialization of buffer pool
2022-10-31 19:53:41 0 [Note] InnoDB: Starting crash recovery from checkpoint LSN=704427
2022-10-31 19:53:41 0 [Note] InnoDB: 128 out of 128 rollback segments are active.
2022-10-31 19:53:41 0 [Note] InnoDB: Removed temporary tablespace data file: "ibtmp1"
2022-10-31 19:53:41 0 [Note] InnoDB: Creating shared tablespace for temporary tables
2022-10-31 19:53:41 0 [Note] InnoDB: Setting file 'C:\xampp\mysql\data\ibtmp1' size to 12 MB. Physically writing the file full; Please wait ...
2022-10-31 19:53:41 0 [Note] InnoDB: File 'C:\xampp\mysql\data\ibtmp1' size is now 12 MB.
2022-10-31 19:53:41 0 [Note] InnoDB: Waiting for purge to start
2022-10-31 19:53:41 0 [Note] InnoDB: 10.4.25 started; log sequence number 704436; transaction id 639
2022-10-31 19:53:41 0 [Note] InnoDB: Loading buffer pool(s) from C:\xampp\mysql\data\ib_buffer_pool
2022-10-31 19:53:41 0 [Note] Plugin 'FEEDBACK' is disabled.
2022-10-31 19:53:41 0 [Note] Server socket created on IP: '::'.
2022-10-31 20:51:51 0 [Note] InnoDB: Mutexes and rw_locks use Windows interlocked functions
2022-10-31 20:51:51 0 [Note] InnoDB: Uses event mutexes
2022-10-31 20:51:51 0 [Note] InnoDB: Compressed tables use zlib 1.2.11
2022-10-31 20:51:51 0 [Note] InnoDB: Number of pools: 1
2022-10-31 20:51:51 0 [Note] InnoDB: Using SSE2 crc32 instructions
2022-10-31 20:51:51 0 [Note] InnoDB: Initializing buffer pool, total size = 16M, instances = 1, chunk size = 16M
2022-10-31 20:51:51 0 [Note] InnoDB: Completed initialization of buffer pool
2022-10-31 20:51:51 0 [Note] InnoDB: Starting crash recovery from checkpoint LSN=704900
2022-10-31 20:51:51 0 [Note] InnoDB: 128 out of 128 rollback segments are active.
2022-10-31 20:51:51 0 [Note] InnoDB: Removed temporary tablespace data file: "ibtmp1"
2022-10-31 20:51:51 0 [Note] InnoDB: Creating shared tablespace for temporary tables
2022-10-31 20:51:51 0 [Note] InnoDB: Setting file 'C:\xampp\mysql\data\ibtmp1' size to 12 MB. Physically writing the file full; Please wait ...
2022-10-31 20:51:51 0 [Note] InnoDB: File 'C:\xampp\mysql\data\ibtmp1' size is now 12 MB.
2022-10-31 20:51:51 0 [Note] InnoDB: Waiting for purge to start
2022-10-31 20:51:51 0 [Note] InnoDB: 10.4.25 started; log sequence number 704909; transaction id 662
2022-10-31 20:51:51 0 [Note] InnoDB: Loading buffer pool(s) from C:\xampp\mysql\data\ib_buffer_pool
2022-10-31 20:51:51 0 [Note] Plugin 'FEEDBACK' is disabled.
2022-10-31 20:51:51 0 [Note] Server socket created on IP: '::'.
2022-10-31 21:18:56 0 [Note] InnoDB: Mutexes and rw_locks use Windows interlocked functions
2022-10-31 21:18:56 0 [Note] InnoDB: Uses event mutexes
2022-10-31 21:18:56 0 [Note] InnoDB: Compressed tables use zlib 1.2.11
2022-10-31 21:18:56 0 [Note] InnoDB: Number of pools: 1
2022-10-31 21:18:56 0 [Note] InnoDB: Using SSE2 crc32 instructions
2022-10-31 21:18:56 0 [Note] InnoDB: Initializing buffer pool, total size = 16M, instances = 1, chunk size = 16M
2022-10-31 21:18:56 0 [Note] InnoDB: Completed initialization of buffer pool
2022-10-31 21:18:56 0 [Note] InnoDB: Starting crash recovery from checkpoint LSN=705296
2022-10-31 21:18:56 0 [Note] InnoDB: 128 out of 128 rollback segments are active.
2022-10-31 21:18:56 0 [Note] InnoDB: Removed temporary tablespace data file: "ibtmp1"
2022-10-31 21:18:56 0 [Note] InnoDB: Creating shared tablespace for temporary tables
2022-10-31 21:18:56 0 [Note] InnoDB: Setting file 'C:\xampp\mysql\data\ibtmp1' size to 12 MB. Physically writing the file full; Please wait ...
2022-10-31 21:18:56 0 [Note] InnoDB: File 'C:\xampp\mysql\data\ibtmp1' size is now 12 MB.
2022-10-31 21:18:56 0 [Note] InnoDB: Waiting for purge to start
2022-10-31 21:18:56 0 [Note] InnoDB: 10.4.25 started; log sequence number 705305; transaction id 670
2022-10-31 21:18:56 0 [Note] InnoDB: Loading buffer pool(s) from C:\xampp\mysql\data\ib_buffer_pool
2022-10-31 21:18:56 0 [Note] Plugin 'FEEDBACK' is disabled.
2022-10-31 21:18:56 0 [Note] Server socket created on IP: '::'.
2022-11-01 22:31:33 0 [Note] InnoDB: Mutexes and rw_locks use Windows interlocked functions
2022-11-01 22:31:33 0 [Note] InnoDB: Uses event mutexes
2022-11-01 22:31:33 0 [Note] InnoDB: Compressed tables use zlib 1.2.11
2022-11-01 22:31:33 0 [Note] InnoDB: Number of pools: 1
2022-11-01 22:31:33 0 [Note] InnoDB: Using SSE2 crc32 instructions
2022-11-01 22:31:33 0 [Note] InnoDB: Initializing buffer pool, total size = 16M, instances = 1, chunk size = 16M
2022-11-01 22:31:33 0 [Note] InnoDB: Completed initialization of buffer pool
2022-11-01 22:31:33 0 [Note] InnoDB: Starting crash recovery from checkpoint LSN=808312
2022-11-01 22:31:33 0 [Note] InnoDB: 128 out of 128 rollback segments are active.
2022-11-01 22:31:33 0 [Note] InnoDB: Removed temporary tablespace data file: "ibtmp1"
2022-11-01 22:31:33 0 [Note] InnoDB: Creating shared tablespace for temporary tables
2022-11-01 22:31:33 0 [Note] InnoDB: Setting file 'C:\xampp\mysql\data\ibtmp1' size to 12 MB. Physically writing the file full; Please wait ...
2022-11-01 22:31:33 0 [Note] InnoDB: File 'C:\xampp\mysql\data\ibtmp1' size is now 12 MB.
2022-11-01 22:31:33 0 [Note] InnoDB: Waiting for purge to start
2022-11-01 22:31:33 0 [Note] InnoDB: 10.4.25 started; log sequence number 808321; transaction id 901
2022-11-01 22:31:33 0 [Note] InnoDB: Loading buffer pool(s) from C:\xampp\mysql\data\ib_buffer_pool
2022-11-01 22:31:33 0 [Note] Plugin 'FEEDBACK' is disabled.
2022-11-01 22:31:33 0 [Note] Server socket created on IP: '::'.
2022-11-03 16:39:26 0 [Note] InnoDB: Mutexes and rw_locks use Windows interlocked functions
2022-11-03 16:39:26 0 [Note] InnoDB: Uses event mutexes
2022-11-03 16:39:26 0 [Note] InnoDB: Compressed tables use zlib 1.2.11
2022-11-03 16:39:26 0 [Note] InnoDB: Number of pools: 1
2022-11-03 16:39:26 0 [Note] InnoDB: Using SSE2 crc32 instructions
2022-11-03 16:39:26 0 [Note] InnoDB: Initializing buffer pool, total size = 16M, instances = 1, chunk size = 16M
2022-11-03 16:39:26 0 [Note] InnoDB: Completed initialization of buffer pool
2022-11-03 16:39:26 0 [Note] InnoDB: Starting crash recovery from checkpoint LSN=809017
2022-11-03 16:39:27 0 [Note] InnoDB: 128 out of 128 rollback segments are active.
2022-11-03 16:39:27 0 [Note] InnoDB: Removed temporary tablespace data file: "ibtmp1"
2022-11-03 16:39:27 0 [Note] InnoDB: Creating shared tablespace for temporary tables
2022-11-03 16:39:27 0 [Note] InnoDB: Setting file 'C:\xampp\mysql\data\ibtmp1' size to 12 MB. Physically writing the file full; Please wait ...
2022-11-03 16:39:27 0 [Note] InnoDB: File 'C:\xampp\mysql\data\ibtmp1' size is now 12 MB.
2022-11-03 16:39:27 0 [Note] InnoDB: Waiting for purge to start
2022-11-03 16:39:27 0 [Note] InnoDB: 10.4.25 started; log sequence number 809026; transaction id 911
2022-11-03 16:39:27 0 [Note] InnoDB: Loading buffer pool(s) from C:\xampp\mysql\data\ib_buffer_pool
2022-11-03 16:39:27 0 [Note] Plugin 'FEEDBACK' is disabled.
2022-11-03 16:39:27 0 [Note] Server socket created on IP: '::'.
2022-11-03 17:19:19 0 [Note] InnoDB: Mutexes and rw_locks use Windows interlocked functions
2022-11-03 17:19:19 0 [Note] InnoDB: Uses event mutexes
2022-11-03 17:19:19 0 [Note] InnoDB: Compressed tables use zlib 1.2.11
2022-11-03 17:19:19 0 [Note] InnoDB: Number of pools: 1
2022-11-03 17:19:19 0 [Note] InnoDB: Using SSE2 crc32 instructions
2022-11-03 17:19:19 0 [Note] InnoDB: Initializing buffer pool, total size = 16M, instances = 1, chunk size = 16M
2022-11-03 17:19:19 0 [Note] InnoDB: Completed initialization of buffer pool
2022-11-03 17:19:19 0 [Note] InnoDB: Starting crash recovery from checkpoint LSN=836447
2022-11-03 17:19:19 0 [Note] InnoDB: 128 out of 128 rollback segments are active.
2022-11-03 17:19:19 0 [Note] InnoDB: Removed temporary tablespace data file: "ibtmp1"
2022-11-03 17:19:19 0 [Note] InnoDB: Creating shared tablespace for temporary tables
2022-11-03 17:19:19 0 [Note] InnoDB: Setting file 'C:\xampp\mysql\data\ibtmp1' size to 12 MB. Physically writing the file full; Please wait ...
2022-11-03 17:19:19 0 [Note] InnoDB: File 'C:\xampp\mysql\data\ibtmp1' size is now 12 MB.
2022-11-03 17:19:19 0 [Note] InnoDB: Waiting for purge to start
2022-11-03 17:19:19 0 [Note] InnoDB: 10.4.25 started; log sequence number 836456; transaction id 1005
2022-11-03 17:19:19 0 [Note] InnoDB: Loading buffer pool(s) from C:\xampp\mysql\data\ib_buffer_pool
2022-11-03 17:19:19 0 [Note] Plugin 'FEEDBACK' is disabled.
2022-11-03 17:19:19 0 [Note] Server socket created on IP: '::'.
2022-11-03 18:08:37 0 [Note] InnoDB: Mutexes and rw_locks use Windows interlocked functions
2022-11-03 18:08:37 0 [Note] InnoDB: Uses event mutexes
2022-11-03 18:08:37 0 [Note] InnoDB: Compressed tables use zlib 1.2.11
2022-11-03 18:08:37 0 [Note] InnoDB: Number of pools: 1
2022-11-03 18:08:37 0 [Note] InnoDB: Using SSE2 crc32 instructions
2022-11-03 18:08:37 0 [Note] InnoDB: Initializing buffer pool, total size = 16M, instances = 1, chunk size = 16M
2022-11-03 18:08:37 0 [Note] InnoDB: Completed initialization of buffer pool
2022-11-03 18:08:37 0 [Note] InnoDB: Starting crash recovery from checkpoint LSN=839012
2022-11-03 18:08:37 0 [Note] InnoDB: 128 out of 128 rollback segments are active.
2022-11-03 18:08:37 0 [Note] InnoDB: Removed temporary tablespace data file: "ibtmp1"
2022-11-03 18:08:37 0 [Note] InnoDB: Creating shared tablespace for temporary tables
2022-11-03 18:08:37 0 [Note] InnoDB: Setting file 'C:\xampp\mysql\data\ibtmp1' size to 12 MB. Physically writing the file full; Please wait ...
2022-11-03 18:08:37 0 [Note] InnoDB: File 'C:\xampp\mysql\data\ibtmp1' size is now 12 MB.
2022-11-03 18:08:37 0 [Note] InnoDB: Waiting for purge to start
2022-11-03 18:08:37 0 [Note] InnoDB: 10.4.25 started; log sequence number 839021; transaction id 1021
2022-11-03 18:08:37 0 [Note] InnoDB: Loading buffer pool(s) from C:\xampp\mysql\data\ib_buffer_pool
2022-11-03 18:08:37 0 [Note] Plugin 'FEEDBACK' is disabled.
2022-11-03 18:08:37 0 [Note] Server socket created on IP: '::'.
2022-11-04 16:42:34 0 [Note] InnoDB: Mutexes and rw_locks use Windows interlocked functions
2022-11-04 16:42:34 0 [Note] InnoDB: Uses event mutexes
2022-11-04 16:42:34 0 [Note] InnoDB: Compressed tables use zlib 1.2.11
2022-11-04 16:42:34 0 [Note] InnoDB: Number of pools: 1
2022-11-04 16:42:34 0 [Note] InnoDB: Using SSE2 crc32 instructions
2022-11-04 16:42:34 0 [Note] InnoDB: Initializing buffer pool, total size = 16M, instances = 1, chunk size = 16M
2022-11-04 16:42:34 0 [Note] InnoDB: Completed initialization of buffer pool
2022-11-04 16:42:34 0 [Note] InnoDB: Starting crash recovery from checkpoint LSN=912830
2022-11-04 16:42:35 0 [Note] InnoDB: 128 out of 128 rollback segments are active.
2022-11-04 16:42:35 0 [Note] InnoDB: Removed temporary tablespace data file: "ibtmp1"
2022-11-04 16:42:35 0 [Note] InnoDB: Creating shared tablespace for temporary tables
2022-11-04 16:42:35 0 [Note] InnoDB: Setting file 'C:\xampp\mysql\data\ibtmp1' size to 12 MB. Physically writing the file full; Please wait ...
2022-11-04 16:42:35 0 [Note] InnoDB: File 'C:\xampp\mysql\data\ibtmp1' size is now 12 MB.
2022-11-04 16:42:35 0 [Note] InnoDB: Waiting for purge to start
2022-11-04 16:42:35 0 [Note] InnoDB: 10.4.25 started; log sequence number 912839; transaction id 1278
2022-11-04 16:42:35 0 [Note] InnoDB: Loading buffer pool(s) from C:\xampp\mysql\data\ib_buffer_pool
2022-11-04 16:42:35 0 [Note] Plugin 'FEEDBACK' is disabled.
2022-11-04 16:42:35 0 [Note] Server socket created on IP: '::'.
2022-11-04 18:31:08 0 [Note] InnoDB: Mutexes and rw_locks use Windows interlocked functions
2022-11-04 18:31:08 0 [Note] InnoDB: Uses event mutexes
2022-11-04 18:31:08 0 [Note] InnoDB: Compressed tables use zlib 1.2.11
2022-11-04 18:31:08 0 [Note] InnoDB: Number of pools: 1
2022-11-04 18:31:08 0 [Note] InnoDB: Using SSE2 crc32 instructions
2022-11-04 18:31:08 0 [Note] InnoDB: Initializing buffer pool, total size = 16M, instances = 1, chunk size = 16M
2022-11-04 18:31:08 0 [Note] InnoDB: Completed initialization of buffer pool
2022-11-04 18:31:08 0 [Note] InnoDB: Starting crash recovery from checkpoint LSN=919579
2022-11-04 18:31:08 0 [Note] InnoDB: 128 out of 128 rollback segments are active.
2022-11-04 18:31:08 0 [Note] InnoDB: Removed temporary tablespace data file: "ibtmp1"
2022-11-04 18:31:08 0 [Note] InnoDB: Creating shared tablespace for temporary tables
2022-11-04 18:31:08 0 [Note] InnoDB: Setting file 'C:\xampp\mysql\data\ibtmp1' size to 12 MB. Physically writing the file full; Please wait ...
2022-11-04 18:31:08 0 [Note] InnoDB: File 'C:\xampp\mysql\data\ibtmp1' size is now 12 MB.
2022-11-04 18:31:08 0 [Note] InnoDB: Waiting for purge to start
2022-11-04 18:31:08 0 [Note] InnoDB: 10.4.25 started; log sequence number 919588; transaction id 1308
2022-11-04 18:31:08 0 [Note] InnoDB: Loading buffer pool(s) from C:\xampp\mysql\data\ib_buffer_pool
2022-11-04 18:31:08 0 [Note] Plugin 'FEEDBACK' is disabled.
2022-11-04 18:31:09 0 [Note] Server socket created on IP: '::'.
2022-11-07 18:25:06 0 [Note] InnoDB: Mutexes and rw_locks use Windows interlocked functions
2022-11-07 18:25:06 0 [Note] InnoDB: Uses event mutexes
2022-11-07 18:25:06 0 [Note] InnoDB: Compressed tables use zlib 1.2.11
2022-11-07 18:25:06 0 [Note] InnoDB: Number of pools: 1
2022-11-07 18:25:06 0 [Note] InnoDB: Using SSE2 crc32 instructions
2022-11-07 18:25:06 0 [Note] InnoDB: Initializing buffer pool, total size = 16M, instances = 1, chunk size = 16M
2022-11-07 18:25:06 0 [Note] InnoDB: Completed initialization of buffer pool
2022-11-07 18:25:06 0 [Note] InnoDB: Starting crash recovery from checkpoint LSN=930977
2022-11-07 18:25:06 0 [Note] InnoDB: 128 out of 128 rollback segments are active.
2022-11-07 18:25:06 0 [Note] InnoDB: Removed temporary tablespace data file: "ibtmp1"
2022-11-07 18:25:06 0 [Note] InnoDB: Creating shared tablespace for temporary tables
2022-11-07 18:25:06 0 [Note] InnoDB: Setting file 'C:\xampp\mysql\data\ibtmp1' size to 12 MB. Physically writing the file full; Please wait ...
2022-11-07 18:25:06 0 [Note] InnoDB: File 'C:\xampp\mysql\data\ibtmp1' size is now 12 MB.
2022-11-07 18:25:06 0 [Note] InnoDB: Waiting for purge to start
2022-11-07 18:25:07 0 [Note] InnoDB: 10.4.25 started; log sequence number 930986; transaction id 1354
2022-11-07 18:25:07 0 [Note] InnoDB: Loading buffer pool(s) from C:\xampp\mysql\data\ib_buffer_pool
2022-11-07 18:25:07 0 [Note] Plugin 'FEEDBACK' is disabled.
2022-11-07 18:25:07 0 [Note] Server socket created on IP: '::'.
2022-11-07 18:25:07 0 [Note] InnoDB: Buffer pool(s2022-11-08 19:40:15 0 [Note] InnoDB: Mutexes and rw_locks use Windows interlocked functions
2022-11-08 19:40:15 0 [Note] InnoDB: Uses event mutexes
2022-11-08 19:40:15 0 [Note] InnoDB: Compressed tables use zlib 1.2.11
2022-11-08 19:40:15 0 [Note] InnoDB: Number of pools: 1
2022-11-08 19:40:15 0 [Note] InnoDB: Using SSE2 crc32 instructions
2022-11-08 19:40:15 0 [Note] InnoDB: Initializing buffer pool, total size = 16M, instances = 1, chunk size = 16M
2022-11-08 19:40:15 0 [Note] InnoDB: Completed initialization of buffer pool
2022-11-08 19:40:15 0 [Note] InnoDB: Starting crash recovery from checkpoint LSN=943640
2022-11-08 19:40:15 0 [Note] InnoDB: 128 out of 128 rollback segments are active.
2022-11-08 19:40:15 0 [Note] InnoDB: Removed temporary tablespace data file: "ibtmp1"
2022-11-08 19:40:15 0 [Note] InnoDB: Creating shared tablespace for temporary tables
2022-11-08 19:40:15 0 [Note] InnoDB: Setting file 'C:\xampp\mysql\data\ibtmp1' size to 12 MB. Physically writing the file full; Please wait ...
2022-11-08 19:40:15 0 [Note] InnoDB: File 'C:\xampp\mysql\data\ibtmp1' size is now 12 MB.
2022-11-08 19:40:15 0 [Note] InnoDB: Waiting for purge to start
2022-11-08 19:40:15 0 [Note] InnoDB: 10.4.25 started; log sequence number 943649; transaction id 1394
2022-11-08 19:40:15 0 [Note] InnoDB: Loading buffer pool(s) from C:\xampp\mysql\data\ib_buffer_pool
2022-11-08 19:40:15 0 [Note] Plugin 'FEEDBACK' is disabled.
2022-11-08 19:40:15 0 [Note] Server socket created on IP: '::'.
2022-11-08 22:58:16 0 [Note] InnoDB: Mutexes and rw_locks use Windows interlocked functions
2022-11-08 22:58:16 0 [Note] InnoDB: Uses event mutexes
2022-11-08 22:58:16 0 [Note] InnoDB: Compressed tables use zlib 1.2.11
2022-11-08 22:58:16 0 [Note] InnoDB: Number of pools: 1
2022-11-08 22:58:16 0 [Note] InnoDB: Using SSE2 crc32 instructions
2022-11-08 22:58:16 0 [Note] InnoDB: Initializing buffer pool, total size = 16M, instances = 1, chunk size = 16M
2022-11-08 22:58:16 0 [Note] InnoDB: Completed initialization of buffer pool
2022-11-08 22:58:16 0 [Note] InnoDB: Starting crash recovery from checkpoint LSN=961077
2022-11-08 22:58:16 0 [Note] InnoDB: 128 out of 128 rollback segments are active.
2022-11-08 22:58:16 0 [Note] InnoDB: Removed temporary tablespace data file: "ibtmp1"
2022-11-08 22:58:16 0 [Note] InnoDB: Creating shared tablespace for temporary tables
2022-11-08 22:58:16 0 [Note] InnoDB: Setting file 'C:\xampp\mysql\data\ibtmp1' size to 12 MB. Physically writing the file full; Please wait ...
2022-11-08 22:58:16 0 [Note] InnoDB: File 'C:\xampp\mysql\data\ibtmp1' size is now 12 MB.
2022-11-08 22:58:16 0 [Note] InnoDB: Waiting for purge to start
2022-11-08 22:58:16 0 [Note] InnoDB: 10.4.24 started; log sequence number 961086; transaction id 1430
2022-11-08 22:58:16 0 [Note] InnoDB: Loading buffer pool(s) from C:\xampp\mysql\data\ib_buffer_pool
2022-11-08 22:58:16 0 [Note] Plugin 'FEEDBACK' is disabled.
2022-11-08 22:58:16 0 [Note] Server socket created on IP: '::'.
2022-11-09 10:00:45 0 [Note] InnoDB: Mutexes and rw_locks use Windows interlocked functions
2022-11-09 10:00:45 0 [Note] InnoDB: Uses event mutexes
2022-11-09 10:00:45 0 [Note] InnoDB: Compressed tables use zlib 1.2.11
2022-11-09 10:00:45 0 [Note] InnoDB: Number of pools: 1
2022-11-09 10:00:45 0 [Note] InnoDB: Using SSE2 crc32 instructions
2022-11-09 10:00:45 0 [Note] InnoDB: Initializing buffer pool, total size = 16M, instances = 1, chunk size = 16M
2022-11-09 10:00:45 0 [Note] InnoDB: Completed initialization of buffer pool
2022-11-09 10:00:45 0 [Note] InnoDB: Starting crash recovery from checkpoint LSN=961925
2022-11-09 10:00:46 0 [Note] InnoDB: 128 out of 128 rollback segments are active.
2022-11-09 10:00:46 0 [Note] InnoDB: Removed temporary tablespace data file: "ibtmp1"
2022-11-09 10:00:46 0 [Note] InnoDB: Creating shared tablespace for temporary tables
2022-11-09 10:00:46 0 [Note] InnoDB: Setting file 'C:\xampp\mysql\data\ibtmp1' size to 12 MB. Physically writing the file full; Please wait ...
2022-11-09 10:00:46 0 [Note] InnoDB: File 'C:\xampp\mysql\data\ibtmp1' size is now 12 MB.
2022-11-09 10:00:46 0 [Note] InnoDB: Waiting for purge to start
2022-11-09 10:00:46 0 [Note] InnoDB: 10.4.24 started; log sequence number 961934; transaction id 1440
2022-11-09 10:00:46 0 [Note] InnoDB: Loading buffer pool(s) from C:\xampp\mysql\data\ib_buffer_pool
2022-11-09 10:00:46 0 [Note] Plugin 'FEEDBACK' is disabled.
2022-11-09 10:00:46 0 [Note] Server socket created on IP: '::'.
2022-11-09 11:25:17 0 [Note] InnoDB: Mutexes and rw_locks use Windows interlocked functions
2022-11-09 11:25:17 0 [Note] InnoDB: Uses event mutexes
2022-11-09 11:25:17 0 [Note] InnoDB: Compressed tables use zlib 1.2.11
2022-11-09 11:25:17 0 [Note] InnoDB: Number of pools: 1
2022-11-09 11:25:17 0 [Note] InnoDB: Using SSE2 crc32 instructions
2022-11-09 11:25:17 0 [Note] InnoDB: Initializing buffer pool, total size = 16M, instances = 1, chunk size = 16M
2022-11-09 11:25:17 0 [Note] InnoDB: Completed initialization of buffer pool
2022-11-09 11:25:17 0 [Note] InnoDB: Starting crash recovery from checkpoint LSN=961943
2022-11-09 11:25:17 0 [Note] InnoDB: 128 out of 128 rollback segments are active.
2022-11-09 11:25:17 0 [Note] InnoDB: Removed temporary tablespace data file: "ibtmp1"
2022-11-09 11:25:17 0 [Note] InnoDB: Creating shared tablespace for temporary tables
2022-11-09 11:25:17 0 [Note] InnoDB: Setting file 'C:\xampp\mysql\data\ibtmp1' size to 12 MB. Physically writing the file full; Please wait ...
2022-11-09 11:25:17 0 [Note] InnoDB: File 'C:\xampp\mysql\data\ibtmp1' size is now 12 MB.
2022-11-09 11:25:17 0 [Note] InnoDB: Waiting for purge to start
2022-11-09 11:25:17 0 [Note] InnoDB: 10.4.24 started; log sequence number 961952; transaction id 1440
2022-11-09 11:25:17 0 [Note] InnoDB: Loading buffer pool(s) from C:\xampp\mysql\data\ib_buffer_pool
2022-11-09 11:25:17 0 [Note] Plugin 'FEEDBACK' is disabled.
2022-11-09 11:25:17 0 [Note] Server socket created on IP: '::'.
2022-11-09 20:42:56 0 [Note] InnoDB: Mutexes and rw_locks use Windows interlocked functions
2022-11-09 20:42:56 0 [Note] InnoDB: Uses event mutexes
2022-11-09 20:42:56 0 [Note] InnoDB: Compressed tables use zlib 1.2.11
2022-11-09 20:42:56 0 [Note] InnoDB: Number of pools: 1
2022-11-09 20:42:56 0 [Note] InnoDB: Using SSE2 crc32 instructions
2022-11-09 20:42:56 0 [Note] InnoDB: Initializing buffer pool, total size = 16M, instances = 1, chunk size = 16M
2022-11-09 20:42:56 0 [Note] InnoDB: Completed initialization of buffer pool
2022-11-09 20:42:56 0 [Note] InnoDB: Starting crash recovery from checkpoint LSN=961961
2022-11-09 20:42:56 0 [Note] InnoDB: 128 out of 128 rollback segments are active.
2022-11-09 20:42:56 0 [Note] InnoDB: Removed temporary tablespace data file: "ibtmp1"
2022-11-09 20:42:56 0 [Note] InnoDB: Creating shared tablespace for temporary tables
2022-11-09 20:42:56 0 [Note] InnoDB: Setting file 'C:\xampp\mysql\data\ibtmp1' size to 12 MB. Physically writing the file full; Please wait ...
2022-11-09 20:42:56 0 [Note] InnoDB: File 'C:\xampp\mysql\data\ibtmp1' size is now 12 MB.
2022-11-09 20:42:56 0 [Note] InnoDB: Waiting for purge to start
2022-11-09 20:42:56 0 [Note] InnoDB: 10.4.24 started; log sequence number 961970; transaction id 1440
2022-11-09 20:42:56 0 [Note] InnoDB: Loading buffer pool(s) from C:\xampp\mysql\data\ib_buffer_pool
2022-11-09 20:42:56 0 [Note] Plugin 'FEEDBACK' is disabled.
2022-11-09 20:42:56 0 [Note] InnoDB: Buffer pool(s) load completed at 221109 20:42:56
2022-11-09 20:42:56 0 [Note] Server socket created on IP: '::'.
2022-11-10 10:06:08 0 [Note] InnoDB: Mutexes and rw_locks use Windows interlocked functions
2022-11-10 10:06:08 0 [Note] InnoDB: Uses event mutexes
2022-11-10 10:06:08 0 [Note] InnoDB: Compressed tables use zlib 1.2.11
2022-11-10 10:06:08 0 [Note] InnoDB: Number of pools: 1
2022-11-10 10:06:08 0 [Note] InnoDB: Using SSE2 crc32 instructions
2022-11-10 10:06:08 0 [Note] InnoDB: Initializing buffer pool, total size = 16M, instances = 1, chunk size = 16M
2022-11-10 10:06:08 0 [Note] InnoDB: Completed initialization of buffer pool
2022-11-10 10:06:08 0 [Note] InnoDB: Starting crash recovery from checkpoint LSN=1073972
2022-11-10 10:06:09 0 [Note] InnoDB: 128 out of 128 rollback segments are active.
2022-11-10 10:06:09 0 [Note] InnoDB: Removed temporary tablespace data file: "ibtmp1"
2022-11-10 10:06:09 0 [Note] InnoDB: Creating shared tablespace for temporary tables
2022-11-10 10:06:09 0 [Note] InnoDB: Setting file 'C:\xampp\mysql\data\ibtmp1' size to 12 MB. Physically writing the file full; Please wait ...
2022-11-10 10:06:09 0 [Note] InnoDB: File 'C:\xampp\mysql\data\ibtmp1' size is now 12 MB.
2022-11-10 10:06:09 0 [Note] InnoDB: Waiting for purge to start
2022-11-10 10:06:09 0 [Note] InnoDB: 10.4.24 started; log sequence number 1073981; transaction id 1706
2022-11-10 10:06:09 0 [Note] InnoDB: Loading buffer pool(s) from C:\xampp\mysql\data\ib_buffer_pool
2022-11-10 10:06:09 0 [Note] Plugin 'FEEDBACK' is disabled.
2022-11-10 10:06:09 0 [Note] InnoDB: Buffer pool(s) load completed at 221110 10:06:09
2022-11-10 10:06:09 0 [Note] Server socket created on IP: '::'.
2022-11-13 13:51:53 0 [Note] InnoDB: Mutexes and rw_locks use Windows interlocked functions
2022-11-13 13:51:53 0 [Note] InnoDB: Uses event mutexes
2022-11-13 13:51:53 0 [Note] InnoDB: Compressed tables use zlib 1.2.11
2022-11-13 13:51:53 0 [Note] InnoDB: Number of pools: 1
2022-11-13 13:51:53 0 [Note] InnoDB: Using SSE2 crc32 instructions
2022-11-13 13:51:53 0 [Note] InnoDB: Initializing buffer pool, total size = 16M, instances = 1, chunk size = 16M
2022-11-13 13:51:53 0 [Note] InnoDB: Completed initialization of buffer pool
2022-11-13 13:51:53 0 [Note] InnoDB: Starting crash recovery from checkpoint LSN=1073990
2022-11-13 13:51:54 0 [Note] InnoDB: 128 out of 128 rollback segments are active.
2022-11-13 13:51:54 0 [Note] InnoDB: Removed temporary tablespace data file: "ibtmp1"
2022-11-13 13:51:54 0 [Note] InnoDB: Creating shared tablespace for temporary tables
2022-11-13 13:51:54 0 [Note] InnoDB: Setting file 'C:\xampp\mysql\data\ibtmp1' size to 12 MB. Physically writing the file full; Please wait ...
2022-11-13 13:51:54 0 [Note] InnoDB: File 'C:\xampp\mysql\data\ibtmp1' size is now 12 MB.
2022-11-13 13:51:54 0 [Note] InnoDB: Waiting for purge to start
2022-11-13 13:51:54 0 [Note] InnoDB: 10.4.24 started; log sequence number 1073999; transaction id 1706
2022-11-13 13:51:54 0 [Note] InnoDB: Loading buffer pool(s) from C:\xampp\mysql\data\ib_buffer_pool
2022-11-13 13:51:54 0 [Note] Plugin 'FEEDBACK' is disabled.
2022-11-13 13:51:54 0 [Note] InnoDB: Buffer pool(s) load completed at 221113 13:51:54
2022-11-13 13:51:54 0 [Note] Server socket created on IP: '::'.
2022-11-17 10:38:36 0 [Note] InnoDB: Mutexes and rw_locks use Windows interlocked functions
2022-11-17 10:38:36 0 [Note] InnoDB: Uses event mutexes
2022-11-17 10:38:36 0 [Note] InnoDB: Compressed tables use zlib 1.2.11
2022-11-17 10:38:36 0 [Note] InnoDB: Number of pools: 1
2022-11-17 10:38:36 0 [Note] InnoDB: Using SSE2 crc32 instructions
2022-11-17 10:38:36 0 [Note] InnoDB: Initializing buffer pool, total size = 16M, instances = 1, chunk size = 16M
2022-11-17 10:38:36 0 [Note] InnoDB: Completed initialization of buffer pool
2022-11-17 10:38:36 0 [Note] InnoDB: Starting crash recovery from checkpoint LSN=1314202
2022-11-17 10:38:37 0 [Note] InnoDB: 128 out of 128 rollback segments are active.
2022-11-17 10:38:37 0 [Note] InnoDB: Removed temporary tablespace data file: "ibtmp1"
2022-11-17 10:38:37 0 [Note] InnoDB: Creating shared tablespace for temporary tables
2022-11-17 10:38:37 0 [Note] InnoDB: Setting file 'C:\xampp\mysql\data\ibtmp1' size to 12 MB. Physically writing the file full; Please wait ...
2022-11-17 10:38:37 0 [Note] InnoDB: File 'C:\xampp\mysql\data\ibtmp1' size is now 12 MB.
2022-11-17 10:38:37 0 [Note] InnoDB: Waiting for purge to start
2022-11-17 10:38:38 0 [Note] InnoDB: 10.4.24 started; log sequence number 1314211; transaction id 1922
2022-11-17 10:38:38 0 [Note] InnoDB: Loading buffer pool(s) from C:\xampp\mysql\data\ib_buffer_pool
2022-11-17 10:38:38 0 [Note] Plugin 'FEEDBACK' is disabled.
2022-11-17 10:38:38 0 [Note] InnoDB: Buffer pool(s) load completed at 221117 10:38:38
2022-11-17 10:38:38 0 [Note] Server socket created on IP: '::'.
